Update the system? (y/n): [32m==>[0m Updating the system...
:: Synchronizing package databases...
 archcraft downloading...
 core downloading...
 extra downloading...
 multilib downloading...
 g14 downloading...
:: Starting full system upgrade...
resolving dependencies...
looking for conflicting packages...

Packages (4) catatonit-0.2.1-1  mkinitcpio-39.2-3  webkit2gtk-2.46.5-1  webkit2gtk-4.1-2.46.5-1

Total Download Size:    62.91 MiB
Total Installed Size:  231.00 MiB
Net Upgrade Size:        0.10 MiB

:: Proceed with installation? [Y/n] 
:: Retrieving packages...
 webkit2gtk-4.1-2.46.5-1-x86_64 downloading...
 webkit2gtk-2.46.5-1-x86_64 downloading...
 catatonit-0.2.1-1-x86_64 downloading...
 mkinitcpio-39.2-3-any downloading...
checking keyring...
checking package integrity...
loading package files...
checking for file conflicts...
checking available disk space...
warning: could not get file information for etc/initcpio/
warning: could not get file information for etc/initcpio/hooks/
warning: could not get file information for etc/initcpio/install/
warning: could not get file information for etc/initcpio/post/
warning: could not get file information for etc/mkinitcpio.conf.d/
:: Processing package changes...
upgrading catatonit...
upgrading mkinitcpio...
New optional dependencies for mkinitcpio
    systemd-ukify: alternative UKI generator
upgrading webkit2gtk...
upgrading webkit2gtk-4.1...
:: Running post-transaction hooks...
(1/6) Reloading system manager configuration...
(2/6) Restarting marked services...
(3/6) Creating temporary files...
(4/6) Arming ConditionNeedsUpdate...
(5/6) Updating linux initcpios...
==> Building image from preset: /etc/mkinitcpio.d/linux.preset: 'default'
==> Using configuration file: '/etc/mkinitcpio.conf'
  -> -k /boot/vmlinuz-linux -c /etc/mkinitcpio.conf -g /boot/initramfs-linux.img
==> Starting build: '6.12.4-arch1-1'
  -> Running build hook: [base]
  -> Running build hook: [udev]
  -> Running build hook: [autodetect]
  -> Running build hook: [microcode]
  -> Running build hook: [kms]
  -> Running build hook: [modconf]
  -> Running build hook: [block]
  -> Running build hook: [keyboard]
  -> Running build hook: [keymap]
  -> Running build hook: [consolefont]
  -> Running build hook: [plymouth]
  -> Running build hook: [resume]
  -> Running build hook: [filesystems]
==> Generating module dependencies
==> Creating zstd-compressed initcpio image: '/boot/initramfs-linux.img'
  -> Early uncompressed CPIO image generation successful
==> Initcpio image generation successful
==> Building image from preset: /etc/mkinitcpio.d/linux.preset: 'fallback'
==> Using configuration file: '/etc/mkinitcpio.conf'
  -> -k /boot/vmlinuz-linux -c /etc/mkinitcpio.conf -g /boot/initramfs-linux-fallback.img -S autodetect
==> Starting build: '6.12.4-arch1-1'
  -> Running build hook: [base]
  -> Running build hook: [udev]
  -> Running build hook: [microcode]
  -> Running build hook: [kms]
  -> Running build hook: [modconf]
  -> Running build hook: [block]
  -> Running build hook: [keyboard]
  -> Running build hook: [keymap]
  -> Running build hook: [consolefont]
  -> Running build hook: [plymouth]
  -> Running build hook: [resume]
  -> Running build hook: [filesystems]
==> Generating module dependencies
==> Creating zstd-compressed initcpio image: '/boot/initramfs-linux-fallback.img'
  -> Early uncompressed CPIO image generation successful
==> Initcpio image generation successful
(6/6) Updating executables in /usr/bin...
Install required tools? (y/n): [32m==>[0m Installing base-devel with pacman...
warning: base-devel-1-2 is up to date -- reinstalling
resolving dependencies...
looking for conflicting packages...

Packages (1) base-devel-1-2


:: Proceed with installation? [Y/n] 
checking keyring...
checking package integrity...
loading package files...
checking for file conflicts...
checking available disk space...
:: Processing package changes...
reinstalling base-devel...
[32m==>[0m Installing archcraft-bspwm with pacman...
warning: archcraft-bspwm-6.0-7 is up to date -- reinstalling
resolving dependencies...
looking for conflicting packages...

Packages (1) archcraft-bspwm-6.0-7

Total Download Size:   0.10 MiB
Total Installed Size:  1.34 MiB
Net Upgrade Size:      0.00 MiB

:: Proceed with installation? [Y/n] 
:: Retrieving packages...
 archcraft-bspwm-6.0-7-any downloading...
checking keyring...
checking package integrity...
loading package files...
checking for file conflicts...
checking available disk space...
:: Processing package changes...
reinstalling archcraft-bspwm...
[0;34m
[*] Copying latest [1;34mBspwm[0;34m config files into [1;34m/home/vincenzo/.config [0m
[0;32m[*] Latest configuration files installed successfully! [0m
[0;33m[+] Latest config files are stored in : [1;33m/home/vincenzo/.config/bspwm_pacnew_2024-12-19[0;33m [0m
[0;35m[*] To use latest config files, rename [1;35m/home/vincenzo/.config/bspwm_pacnew_2024-12-19[0;35m to [1;35m/home/vincenzo/.config/bspwm[0;35m
 [0m
[32m==>[0m Installing git with pacman...
warning: git-2.47.1-1 is up to date -- reinstalling
resolving dependencies...
looking for conflicting packages...

Packages (1) git-2.47.1-1

Total Installed Size:  28.29 MiB
Net Upgrade Size:       0.00 MiB

:: Proceed with installation? [Y/n] 
checking keyring...
checking package integrity...
loading package files...
checking for file conflicts...
checking available disk space...
:: Processing package changes...
reinstalling git...
:: Running post-transaction hooks...
(1/5) Creating system user accounts...
(2/5) Reloading system manager configuration...
(3/5) Restarting marked services...
(4/5) Arming ConditionNeedsUpdate...
(5/5) Updating executables in /usr/bin...
[32m==>[0m Installing curl with pacman...
warning: curl-8.11.1-3 is up to date -- reinstalling
resolving dependencies...
looking for conflicting packages...

Packages (1) curl-8.11.1-3

Total Download Size:   1.11 MiB
Total Installed Size:  1.90 MiB
Net Upgrade Size:      0.00 MiB

:: Proceed with installation? [Y/n] 
:: Retrieving packages...
 curl-8.11.1-3-x86_64 downloading...
checking keyring...
checking package integrity...
loading package files...
checking for file conflicts...
checking available disk space...
:: Processing package changes...
reinstalling curl...
:: Running post-transaction hooks...
(1/2) Arming ConditionNeedsUpdate...
(2/2) Updating executables in /usr/bin...
[32m==>[0m Installing htop with pacman...
warning: htop-3.3.0-3 is up to date -- reinstalling
resolving dependencies...
looking for conflicting packages...

Packages (1) htop-3.3.0-3

Total Download Size:   0.15 MiB
Total Installed Size:  0.36 MiB
Net Upgrade Size:      0.00 MiB

:: Proceed with installation? [Y/n] 
:: Retrieving packages...
 htop-3.3.0-3-x86_64 downloading...
checking keyring...
checking package integrity...
loading package files...
checking for file conflicts...
checking available disk space...
:: Processing package changes...
reinstalling htop...
:: Running post-transaction hooks...
(1/4) Arming ConditionNeedsUpdate...
(2/4) Updating executables in /usr/bin...
(3/4) Updating icon theme caches...
(4/4) Updating the desktop file MIME type cache...
[32m==>[0m Installing flatpak with pacman...
warning: flatpak-1:1.15.12-1 is up to date -- reinstalling
resolving dependencies...
looking for conflicting packages...

Packages (1) flatpak-1:1.15.12-1

Total Download Size:   1.83 MiB
Total Installed Size:  7.23 MiB
Net Upgrade Size:      0.00 MiB

:: Proceed with installation? [Y/n] 
:: Retrieving packages...
 flatpak-1:1.15.12-1-x86_64 downloading...
checking keyring...
checking package integrity...
loading package files...
checking for file conflicts...
checking available disk space...
:: Processing package changes...
reinstalling flatpak...
:: Running post-transaction hooks...
(1/8) Creating system user accounts...
(2/8) Reloading system manager configuration...
(3/8) Reloading user manager configuration...
(4/8) Restarting marked services...
(5/8) Creating temporary files...
(6/8) Arming ConditionNeedsUpdate...
(7/8) Updating executables in /usr/bin...
(8/8) Reloading system bus configuration...
Enable Multilib repository? (y/n): [32m==>[0m Enabling Multilib repository (if not already enabled)...
Install yay (AUR helper)? (y/n): [32m==>[0m Installing yay (AUR helper)...
Configure Flatpak? (y/n): Setup desktop environment? (y/n): Install development tools? (y/n): [32m==>[0m Installing kate with pacman...
warning: kate-24.12.0-1 is up to date -- reinstalling
resolving dependencies...
looking for conflicting packages...

Packages (1) kate-24.12.0-1

Total Download Size:   10.05 MiB
Total Installed Size:  33.41 MiB
Net Upgrade Size:       0.00 MiB

:: Proceed with installation? [Y/n] 
:: Retrieving packages...
 kate-24.12.0-1-x86_64 downloading...
checking keyring...
checking package integrity...
loading package files...
checking for file conflicts...
checking available disk space...
:: Processing package changes...
reinstalling kate...
:: Running post-transaction hooks...
(1/4) Arming ConditionNeedsUpdate...
(2/4) Updating executables in /usr/bin...
(3/4) Updating icon theme caches...
(4/4) Updating the desktop file MIME type cache...
[32m==>[0m Installing meld with pacman...
warning: meld-3.22.2-3 is up to date -- reinstalling
resolving dependencies...
looking for conflicting packages...

Packages (1) meld-3.22.2-3

Total Download Size:   0.84 MiB
Total Installed Size:  4.94 MiB
Net Upgrade Size:      0.00 MiB

:: Proceed with installation? [Y/n] 
:: Retrieving packages...
 meld-3.22.2-3-any downloading...
checking keyring...
checking package integrity...
loading package files...
checking for file conflicts...
checking available disk space...
:: Processing package changes...
reinstalling meld...
:: Running post-transaction hooks...
(1/6) Arming ConditionNeedsUpdate...
(2/6) Updating the MIME type database...
(3/6) Updating executables in /usr/bin...
(4/6) Compiling GSettings XML schema files...
(5/6) Updating icon theme caches...
(6/6) Updating the desktop file MIME type cache...
[32m==>[0m Installing ranger with pacman...
warning: ranger-1.9.4-1 is up to date -- reinstalling
resolving dependencies...
looking for conflicting packages...

Packages (1) ranger-1.9.4-1

Total Download Size:   0.46 MiB
Total Installed Size:  2.52 MiB
Net Upgrade Size:      0.00 MiB

:: Proceed with installation? [Y/n] 
:: Retrieving packages...
 ranger-1.9.4-1-any downloading...
checking keyring...
checking package integrity...
loading package files...
checking for file conflicts...
checking available disk space...
:: Processing package changes...
reinstalling ranger...
:: Running post-transaction hooks...
(1/3) Arming ConditionNeedsUpdate...
(2/3) Updating executables in /usr/bin...
(3/3) Updating the desktop file MIME type cache...
[32m==>[0m Installing vim with pacman...
warning: vim-9.1.0866-1 is up to date -- reinstalling
resolving dependencies...
looking for conflicting packages...

Packages (1) vim-9.1.0866-1

Total Download Size:   2.24 MiB
Total Installed Size:  4.88 MiB
Net Upgrade Size:      0.00 MiB

:: Proceed with installation? [Y/n] 
:: Retrieving packages...
 vim-9.1.0866-1-x86_64 downloading...
checking keyring...
checking package integrity...
loading package files...
checking for file conflicts...
checking available disk space...
:: Processing package changes...
reinstalling vim...
:: Running post-transaction hooks...
(1/4) Arming ConditionNeedsUpdate...
(2/4) Updating executables in /usr/bin...
(3/4) Updating icon theme caches...
(4/4) Updating the desktop file MIME type cache...
[32m==>[0m Installing kwrite with pacman...
warning: kate-24.12.0-1 is up to date -- reinstalling
resolving dependencies...
looking for conflicting packages...

Packages (1) kate-24.12.0-1

Total Installed Size:  33.41 MiB
Net Upgrade Size:       0.00 MiB

:: Proceed with installation? [Y/n] 
checking keyring...
checking package integrity...
loading package files...
checking for file conflicts...
checking available disk space...
:: Processing package changes...
reinstalling kate...
:: Running post-transaction hooks...
(1/4) Arming ConditionNeedsUpdate...
(2/4) Updating executables in /usr/bin...
(3/4) Updating icon theme caches...
(4/4) Updating the desktop file MIME type cache...
[32m==>[0m Installing obsidian with pacman...
warning: obsidian-1.7.7-1 is up to date -- reinstalling
resolving dependencies...
looking for conflicting packages...

Packages (1) obsidian-1.7.7-1

Total Download Size:    5.73 MiB
Total Installed Size:  22.37 MiB
Net Upgrade Size:       0.00 MiB

:: Proceed with installation? [Y/n] 
:: Retrieving packages...
 obsidian-1.7.7-1-x86_64 downloading...
checking keyring...
checking package integrity...
loading package files...
checking for file conflicts...
checking available disk space...
:: Processing package changes...
reinstalling obsidian...
You can add custom permanent flags for Obsidian in .config/obsidian/user-flags.conf
:: Running post-transaction hooks...
(1/3) Arming ConditionNeedsUpdate...
(2/3) Updating executables in /usr/bin...
(3/3) Updating the desktop file MIME type cache...
[32m==>[0m Installing gnome-boxes with pacman...
warning: gnome-boxes-47.0-1 is up to date -- reinstalling
resolving dependencies...
looking for conflicting packages...

Packages (1) gnome-boxes-47.0-1

Total Download Size:   0.86 MiB
Total Installed Size:  5.68 MiB
Net Upgrade Size:      0.00 MiB

:: Proceed with installation? [Y/n] 
:: Retrieving packages...
 gnome-boxes-47.0-1-x86_64 downloading...
checking keyring...
checking package integrity...
loading package files...
checking for file conflicts...
checking available disk space...
:: Processing package changes...
reinstalling gnome-boxes...
:: Running post-transaction hooks...
(1/5) Arming ConditionNeedsUpdate...
(2/5) Updating executables in /usr/bin...
(3/5) Compiling GSettings XML schema files...
(4/5) Updating icon theme caches...
(5/5) Updating the desktop file MIME type cache...
[32m==>[0m Installing distrobox with pacman...
warning: distrobox-1.8.0-1 is up to date -- reinstalling
resolving dependencies...
looking for conflicting packages...

Packages (1) distrobox-1.8.0-1

Total Download Size:   0.23 MiB
Total Installed Size:  0.55 MiB
Net Upgrade Size:      0.00 MiB

:: Proceed with installation? [Y/n] 
:: Retrieving packages...
 distrobox-1.8.0-1-any downloading...
checking keyring...
checking package integrity...
loading package files...
checking for file conflicts...
checking available disk space...
:: Processing package changes...
reinstalling distrobox...
:: Running post-transaction hooks...
(1/3) Arming ConditionNeedsUpdate...
(2/3) Updating executables in /usr/bin...
(3/3) Updating icon theme caches...
[32m==>[0m Installing podman with pacman...
warning: podman-5.3.1-1 is up to date -- reinstalling
resolving dependencies...
looking for conflicting packages...

Packages (1) podman-5.3.1-1

Total Download Size:   23.63 MiB
Total Installed Size:  79.94 MiB
Net Upgrade Size:       0.00 MiB

:: Proceed with installation? [Y/n] 
:: Retrieving packages...
 podman-5.3.1-1-x86_64 downloading...
checking keyring...
checking package integrity...
loading package files...
checking for file conflicts...
checking available disk space...
:: Processing package changes...
reinstalling podman...
:: Running post-transaction hooks...
(1/6) Reloading system manager configuration...
(2/6) Reloading user manager configuration...
(3/6) Restarting marked services...
(4/6) Creating temporary files...
(5/6) Arming ConditionNeedsUpdate...
(6/6) Updating executables in /usr/bin...
Install Docker packages? (y/n): [32m==>[0m Installing docker with yay...
Sync Explicit (1): docker-1:27.3.1-1
resolving dependencies...
looking for conflicting packages...

Packages (3) bridge-utils-1.7.1-2  containerd-2.0.1-1  docker-1:27.3.1-1

Total Download Size:    50.53 MiB
Total Installed Size:  202.84 MiB

:: Proceed with installation? [Y/n] 
:: Retrieving packages...
 docker-1:27.3.1-1-x86_64 downloading...
 containerd-2.0.1-1-x86_64 downloading...
 bridge-utils-1.7.1-2-x86_64 downloading...
checking keyring...
checking package integrity...
loading package files...
checking for file conflicts...
checking available disk space...
:: Processing package changes...
installing bridge-utils...
installing containerd...
installing docker...
Optional dependencies for docker
    btrfs-progs: btrfs backend support [installed]
    pigz: parallel gzip compressor support [installed]
    docker-scan: vulnerability scanner
    docker-buildx: extended build capabilities
:: Running post-transaction hooks...
(1/5) Creating system user accounts...
Creating group 'docker' with GID 951.
(2/5) Reloading system manager configuration...
(3/5) Reloading device manager configuration...
(4/5) Arming ConditionNeedsUpdate...
(5/5) Updating executables in /usr/bin...
[32m==>[0m Installing docker-compose with yay...
Sync Explicit (1): docker-compose-2.32.1-1
resolving dependencies...
looking for conflicting packages...

Packages (1) docker-compose-2.32.1-1

Total Download Size:   12.71 MiB
Total Installed Size:  54.71 MiB

:: Proceed with installation? [Y/n] 
:: Retrieving packages...
 docker-compose-2.32.1-1-x86_64 downloading...
checking keyring...
checking package integrity...
loading package files...
checking for file conflicts...
checking available disk space...
:: Processing package changes...
installing docker-compose...
:: Running post-transaction hooks...
(1/2) Arming ConditionNeedsUpdate...
(2/2) Updating executables in /usr/bin...
Install entertainment tools? (y/n): [32m==>[0m Installing spotify-launcher with pacman...
warning: spotify-launcher-0.6.0-1 is up to date -- reinstalling
resolving dependencies...
looking for conflicting packages...

Packages (1) spotify-launcher-0.6.0-1

Total Download Size:   1.83 MiB
Total Installed Size:  5.64 MiB
Net Upgrade Size:      0.00 MiB

:: Proceed with installation? [Y/n] 
:: Retrieving packages...
 spotify-launcher-0.6.0-1-x86_64 downloading...
checking keyring...
checking package integrity...
loading package files...
checking for file conflicts...
checking available disk space...
:: Processing package changes...
reinstalling spotify-launcher...
:: Running post-transaction hooks...
(1/4) Arming ConditionNeedsUpdate...
(2/4) Updating executables in /usr/bin...
(3/4) Updating icon theme caches...
(4/4) Updating the desktop file MIME type cache...
[32m==>[0m Installing ffmpeg with pacman...
warning: ffmpeg-2:7.1-3 is up to date -- reinstalling
resolving dependencies...
looking for conflicting packages...

Packages (1) ffmpeg-2:7.1-3

Total Download Size:   12.18 MiB
Total Installed Size:  39.92 MiB
Net Upgrade Size:       0.00 MiB

:: Proceed with installation? [Y/n] 
:: Retrieving packages...
 ffmpeg-2:7.1-3-x86_64 downloading...
checking keyring...
checking package integrity...
loading package files...
checking for file conflicts...
checking available disk space...
:: Processing package changes...
reinstalling ffmpeg...
:: Running post-transaction hooks...
(1/2) Arming ConditionNeedsUpdate...
(2/2) Updating executables in /usr/bin...
[32m==>[0m Installing obs-studio with pacman...
warning: obs-studio-31.0.0-1 is up to date -- reinstalling
resolving dependencies...
looking for conflicting packages...

Packages (1) obs-studio-31.0.0-1

Total Download Size:    5.98 MiB
Total Installed Size:  22.05 MiB
Net Upgrade Size:       0.00 MiB

:: Proceed with installation? [Y/n] 
:: Retrieving packages...
 obs-studio-31.0.0-1-x86_64 downloading...
checking keyring...
checking package integrity...
loading package files...
checking for file conflicts...
checking available disk space...
:: Processing package changes...
reinstalling obs-studio...
:: Running post-transaction hooks...
(1/4) Arming ConditionNeedsUpdate...
(2/4) Updating executables in /usr/bin...
(3/4) Updating icon theme caches...
(4/4) Updating the desktop file MIME type cache...
[32m==>[0m Installing steam with pacman...
warning: steam-1.0.0.81-2 is up to date -- reinstalling
resolving dependencies...
looking for conflicting packages...

Packages (1) steam-1.0.0.81-2

Total Download Size:   3.83 MiB
Total Installed Size:  4.02 MiB
Net Upgrade Size:      0.00 MiB

:: Proceed with installation? [Y/n] 
:: Retrieving packages...
 steam-1.0.0.81-2-x86_64 downloading...
checking keyring...
checking package integrity...
loading package files...
checking for file conflicts...
checking available disk space...
:: Processing package changes...
reinstalling steam...
:: Running post-transaction hooks...
(1/5) Reloading device manager configuration...
(2/5) Arming ConditionNeedsUpdate...
(3/5) Updating executables in /usr/bin...
(4/5) Updating icon theme caches...
(5/5) Updating the desktop file MIME type cache...
Install Flatpak packages? (y/n): [32m==>[0m Installing org.prismlauncher.PrismLauncher with Flatpak...
Looking for matches…
Skipping: org.prismlauncher.PrismLauncher/x86_64/stable is already installed
[32m==>[0m Installing dev.vencord.Vesktop with Flatpak...
Looking for matches…
Skipping: dev.vencord.Vesktop/x86_64/stable is already installed
Create Distrobox containers? (y/n): Configure Git? (y/n): Install Brave browser? (y/n): Invalid input. Please enter 'y' or 'n'.
Install Brave browser? (y/n): Remove Firefox? (y/n): [32m==>[0m Checking if Firefox is installed...
[32m==>[0m Firefox is not installed. Skipping removal.
Clean up unused packages and cache? (y/n): [32m==>[0m Cleaning up unused packages and cache...
error: no targets specified (use -h for help)
Packages to keep:
  All locally installed packages

Cache directory: /var/cache/pacman/pkg/
:: Do you want to remove all other packages from cache? [Y/n] 
removing old packages from cache...

Database directory: /var/lib/pacman/
:: Do you want to remove unused repositories? [Y/n] 
removing unused sync repositories...
[32m==>[0m Post-installation tasks completed! You may want to reboot your system.
